<?xml version="1.0" encoding="UTF-8" ?>
<testsuite errors="0" failures="1" hostname="mbp-evgenij" name="ru.roseurobank.SnapshotPlugin.SnapshotCreatorTest" skipped="0" tests="10" time="0.788" timestamp="2015-05-01T10:44:24">
  <properties>
[...]
</properties>
  <testcase classname="ru.roseurobank.SnapshotPlugin.SnapshotCreatorTest" name="testRun" time="0.002" />
  <testcase classname="ru.roseurobank.SnapshotPlugin.SnapshotCreatorTest" name="testGetApplication" time="0.207">
    <failure message="expected:&lt;Application [id: 999, pid: -1, host: localhost]&gt; but was:&lt;null&gt;" type="junit.framework.AssertionFailedError">junit.framework.AssertionFailedError: expected:&lt;Application [id: 999, pid: -1, host: localhost]&gt; but was:&lt;null&gt;
	at ru.roseurobank.SnapshotPlugin.SnapshotCreatorTest.testGetApplication(SnapshotCreatorTest.java:90)
</failure>
  </testcase>
  <testcase classname="ru.roseurobank.SnapshotPlugin.SnapshotCreatorTest" name="testSetApplication" time="0.0" />
  <testcase classname="ru.roseurobank.SnapshotPlugin.SnapshotCreatorTest" name="testGetSaveFolder" time="0.0" />
  <testcase classname="ru.roseurobank.SnapshotPlugin.SnapshotCreatorTest" name="testSetSaveFolder" time="0.0" />
  <testcase classname="ru.roseurobank.SnapshotPlugin.SnapshotCreatorTest" name="testGetDuration" time="0.0" />
  <testcase classname="ru.roseurobank.SnapshotPlugin.SnapshotCreatorTest" name="testSetDuration" time="0.002" />
  <testcase classname="ru.roseurobank.SnapshotPlugin.SnapshotCreatorTest" name="testIsActive" time="0.0" />
  <testcase classname="ru.roseurobank.SnapshotPlugin.SnapshotCreatorTest" name="testSetActive" time="0.0" />
  <testcase classname="ru.roseurobank.SnapshotPlugin.SnapshotCreatorTest" name="testSetGetConsole" time="0.522" />
  <system-out><![CDATA[Start SnapshotCreator testing!
Method getApplication.
Method setApplication.
Method getSaveFolder.
Method setSaveFolder.
Method getDuration.
Method setDuration.
Method isActive.
Method setActive.
Method setConsole & getConsole.
Stop SnapshotCreator testing!
]]></system-out>
  <system-err><![CDATA[мая 01, 2015 2:44:24 PM org.openide.util.RequestProcessor$Processor doNotify
SEVERE: Error in RequestProcessor com.sun.tools.visualvm.host.impl.HostProvider$8$1
org.openide.util.RequestProcessor$SlowItem: task failed due to: java.lang.NullPointerException
	at org.openide.util.RequestProcessor.post(RequestProcessor.java:419)
	at com.sun.tools.visualvm.host.impl.HostProvider$8.run(HostProvider.java:343)
	at java.awt.event.InvocationEvent.dispatch(InvocationEvent.java:311)
	at java.awt.EventQueue.dispatchEventImpl(EventQueue.java:744)
	at java.awt.EventQueue.access$400(EventQueue.java:97)
	at java.awt.EventQueue$3.run(EventQueue.java:697)
	at java.awt.EventQueue$3.run(EventQueue.java:691)
	at java.security.AccessController.doPrivileged(Native Method)
	at java.security.ProtectionDomain$1.doIntersectionPrivilege(ProtectionDomain.java:75)
	at java.awt.EventQueue.dispatchEvent(EventQueue.java:714)
	at java.awt.EventDispatchThread.pumpOneEventForFilters(EventDispatchThread.java:201)
	at java.awt.EventDispatchThread.pumpEventsForFilter(EventDispatchThread.java:116)
	at java.awt.EventDispatchThread.pumpEventsForHierarchy(EventDispatchThread.java:105)
	at java.awt.EventDispatchThread.pumpEvents(EventDispatchThread.java:101)
	at java.awt.EventDispatchThread.pumpEvents(EventDispatchThread.java:93)
	at java.awt.EventDispatchThread.run(EventDispatchThread.java:82)
Caused by: java.lang.NullPointerException
	at java.io.File.<init>(File.java:277)
	at com.sun.tools.visualvm.core.datasource.Storage.getPersistentStorageDirectoryString(Storage.java:285)
	at com.sun.tools.visualvm.host.impl.HostsSupportImpl.getStorageDirectoryString(HostsSupportImpl.java:48)
	at com.sun.tools.visualvm.host.HostsSupport.storageDirectoryExists(HostsSupport.java:142)
	at com.sun.tools.visualvm.host.impl.HostProvider.initPersistedHosts(HostProvider.java:268)
	at com.sun.tools.visualvm.host.impl.HostProvider.access$300(HostProvider.java:70)
	at com.sun.tools.visualvm.host.impl.HostProvider$8$1.run(HostProvider.java:347)
	at org.openide.util.RequestProcessor$Task.run(RequestProcessor.java:1423)
	at org.openide.util.RequestProcessor$Processor.run(RequestProcessor.java:2033)

мая 01, 2015 2:44:25 PM org.netbeans.modules.settings.RecognizeInstanceObjects$OverObjects <init>
WARNING: Not listening on module system
]]></system-err>
</testsuite>
